Using pre-set license
Built from '2021.3/staging' branch; Version is '2021.3.26f1 (a16dc32e0ff2) revision 10579395'; Using compiler version '192829333'; Build Type 'Release'
OS: 'Windows 11  (10.0.22621) 64bit Professional' Language: 'en' Physical Memory: 32631 MB
BatchMode: 1, IsHumanControllingUs: 0, StartBugReporterOnCrash: 0, Is64bit: 1, IsPro: 1

COMMAND LINE ARGUMENTS:
D:\Program Files\Unity\2021.3.26f1\Editor\Unity.exe
-adb2
-batchMode
-noUpm
-name
AssetImportWorker4
-projectPath
D:/UNIACC/5TO SEMESTRE/TALLER VJ/NeonWhite/RollAGun/sas/sas
-logFile
Logs/AssetImportWorker4.log
-srvPort
39477
Successfully changed project path to: D:/UNIACC/5TO SEMESTRE/TALLER VJ/NeonWhite/RollAGun/sas/sas
D:/UNIACC/5TO SEMESTRE/TALLER VJ/NeonWhite/RollAGun/sas/sas
[UnityMemory] Configuration Parameters - Can be set up in boot.config
    "memorysetup-bucket-allocator-granularity=16"
    "memorysetup-bucket-allocator-bucket-count=8"
    "memorysetup-bucket-allocator-block-size=33554432"
    "memorysetup-bucket-allocator-block-count=8"
    "memorysetup-main-allocator-block-size=16777216"
    "memorysetup-thread-allocator-block-size=16777216"
    "memorysetup-gfx-main-allocator-block-size=16777216"
    "memorysetup-gfx-thread-allocator-block-size=16777216"
    "memorysetup-cache-allocator-block-size=4194304"
    "memorysetup-typetree-allocator-block-size=2097152"
    "memorysetup-profiler-bucket-allocator-granularity=16"
    "memorysetup-profiler-bucket-allocator-bucket-count=8"
    "memorysetup-profiler-bucket-allocator-block-size=33554432"
    "memorysetup-profiler-bucket-allocator-block-count=8"
    "memorysetup-profiler-allocator-block-size=16777216"
    "memorysetup-profiler-editor-allocator-block-size=1048576"
    "memorysetup-temp-allocator-size-main=16777216"
    "memorysetup-job-temp-allocator-block-size=2097152"
    "memorysetup-job-temp-allocator-block-size-background=1048576"
    "memorysetup-job-temp-allocator-reduction-small-platforms=262144"
    "memorysetup-temp-allocator-size-background-worker=32768"
    "memorysetup-temp-allocator-size-job-worker=262144"
    "memorysetup-temp-allocator-size-preload-manager=33554432"
    "memorysetup-temp-allocator-size-nav-mesh-worker=65536"
    "memorysetup-temp-allocator-size-audio-worker=65536"
    "memorysetup-temp-allocator-size-cloud-worker=32768"
    "memorysetup-temp-allocator-size-gi-baking-worker=262144"
    "memorysetup-temp-allocator-size-gfx=262144"
Player connection [26920] Host "[IP] 192.168.68.117 [Port] 0 [Flags] 2 [Guid] 1163681546 [EditorId] 1163681546 [Version] 1048832 [Id] WindowsEditor(7,PC-ANASHE) [Debug] 1 [PackageName] WindowsEditor [ProjectName] Editor" joined multi-casting on [225.0.0.222:54997]...

Player connection [26920] Host "[IP] 192.168.68.117 [Port] 0 [Flags] 2 [Guid] 1163681546 [EditorId] 1163681546 [Version] 1048832 [Id] WindowsEditor(7,PC-ANASHE) [Debug] 1 [PackageName] WindowsEditor [ProjectName] Editor" joined alternative multi-casting on [225.0.0.222:34997]...

Refreshing native plugins compatible for Editor in 101.29 ms, found 3 plugins.
Preloading 0 native plugins for Editor in 0.00 ms.
Initialize engine version: 2021.3.26f1 (a16dc32e0ff2)
[Subsystems] Discovering subsystems at path D:/Program Files/Unity/2021.3.26f1/Editor/Data/Resources/UnitySubsystems
[Subsystems] Discovering subsystems at path D:/UNIACC/5TO SEMESTRE/TALLER VJ/NeonWhite/RollAGun/sas/sas/Assets
GfxDevice: creating device client; threaded=0; jobified=0
Direct3D:
    Version:  Direct3D 11.0 [level 11.1]
    Renderer: NVIDIA GeForce GTX 1660 SUPER (ID=0x21c4)
    Vendor:   NVIDIA
    VRAM:     5980 MB
    Driver:   31.0.15.3118
Initialize mono
Mono path[0] = 'D:/Program Files/Unity/2021.3.26f1/Editor/Data/Managed'
Mono path[1] = 'D:/Program Files/Unity/2021.3.26f1/Editor/Data/MonoBleedingEdge/lib/mono/unityjit-win32'
Mono config path = 'D:/Program Files/Unity/2021.3.26f1/Editor/Data/MonoBleedingEdge/etc'
Using monoOptions --debugger-agent=transport=dt_socket,embedding=1,server=y,suspend=n,address=127.0.0.1:56196
Begin MonoManager ReloadAssembly
Registering precompiled unity dll's ...
Register platform support module: D:/Program Files/Unity/2021.3.26f1/Editor/Data/PlaybackEngines/WindowsStandaloneSupport/UnityEditor.WindowsStandalone.Extensions.dll
Registered in 0.014509 seconds.
Native extension for WindowsStandalone target not found
Refreshing native plugins compatible for Editor in 102.49 ms, found 3 plugins.
Preloading 0 native plugins for Editor in 0.00 ms.
Mono: successfully reloaded assembly
- Completed reload, in  0.767 seconds
Domain Reload Profiling:
	ReloadAssembly (767ms)
		BeginReloadAssembly (123ms)
			ExecutionOrderSort (0ms)
			DisableScriptedObjects (0ms)
			BackupInstance (0ms)
			ReleaseScriptingObjects (0ms)
			CreateAndSetChildDomain (1ms)
		EndReloadAssembly (511ms)
			LoadAssemblies (117ms)
			RebuildTransferFunctionScriptingTraits (0ms)
			SetupTypeCache (104ms)
			ReleaseScriptCaches (0ms)
			RebuildScriptCaches (29ms)
			SetupLoadedEditorAssemblies (312ms)
				LogAssemblyErrors (0ms)
				InitializePlatformSupportModulesInManaged (10ms)
				SetLoadedEditorAssemblies (0ms)
				RefreshPlugins (103ms)
				BeforeProcessingInitializeOnLoad (1ms)
				ProcessInitializeOnLoadAttributes (146ms)
				ProcessInitializeOnLoadMethodAttributes (51ms)
				AfterProcessingInitializeOnLoad (0ms)
				EditorAssembliesLoaded (0ms)
			ExecutionOrderSort2 (0ms)
			AwakeInstancesAfterBackupRestoration (0ms)
Platform modules already initialized, skipping
Registering precompiled user dll's ...
Registered in 0.019035 seconds.
Begin MonoManager ReloadAssembly
Symbol file LoadedFromMemory doesn't match image D:\UNIACC\5TO SEMESTRE\TALLER VJ\NeonWhite\RollAGun\sas\sas\Library\PackageCache\com.unity.visualscripting@1.8.0\Editor\VisualScripting.Core\Dependencies\YamlDotNet\Unity.VisualScripting.YamlDotNet.dll
Symbol file LoadedFromMemory doesn't match image D:\UNIACC\5TO SEMESTRE\TALLER VJ\NeonWhite\RollAGun\sas\sas\Library\PackageCache\com.unity.visualscripting@1.8.0\Editor\VisualScripting.Core\Dependencies\DotNetZip\Unity.VisualScripting.IonicZip.dll
Native extension for WindowsStandalone target not found
Refreshing native plugins compatible for Editor in 99.70 ms, found 3 plugins.
Preloading 0 native plugins for Editor in 0.00 ms.
Mono: successfully reloaded assembly
- Completed reload, in  1.398 seconds
Domain Reload Profiling:
	ReloadAssembly (1399ms)
		BeginReloadAssembly (164ms)
			ExecutionOrderSort (0ms)
			DisableScriptedObjects (6ms)
			BackupInstance (0ms)
			ReleaseScriptingObjects (0ms)
			CreateAndSetChildDomain (25ms)
		EndReloadAssembly (1100ms)
			LoadAssemblies (148ms)
			RebuildTransferFunctionScriptingTraits (0ms)
			SetupTypeCache (313ms)
			ReleaseScriptCaches (1ms)
			RebuildScriptCaches (56ms)
			SetupLoadedEditorAssemblies (565ms)
				LogAssemblyErrors (0ms)
				InitializePlatformSupportModulesInManaged (7ms)
				SetLoadedEditorAssemblies (0ms)
				RefreshPlugins (100ms)
				BeforeProcessingInitializeOnLoad (136ms)
				ProcessInitializeOnLoadAttributes (226ms)
				ProcessInitializeOnLoadMethodAttributes (77ms)
				AfterProcessingInitializeOnLoad (19ms)
				EditorAssembliesLoaded (0ms)
			ExecutionOrderSort2 (0ms)
			AwakeInstancesAfterBackupRestoration (10ms)
Platform modules already initialized, skipping
========================================================================
Worker process is ready to serve import requests
Launched and connected shader compiler UnityShaderCompiler.exe after 0.08 seconds
Refreshing native plugins compatible for Editor in 0.74 ms, found 3 plugins.
Preloading 0 native plugins for Editor in 0.00 ms.
Unloading 4845 Unused Serialized files (Serialized files now loaded: 0)
Unloading 32 unused Assets / (0.7 MB). Loaded Objects now: 5311.
Memory consumption went from 195.2 MB to 194.4 MB.
Total: 3.723100 ms (FindLiveObjects: 0.380800 ms CreateObjectMapping: 0.363400 ms MarkObjects: 2.683200 ms  DeleteObjects: 0.295000 ms)

AssetImportParameters requested are different than current active one (requested -> active):
  custom:video-decoder-ogg-theora: a1e56fd34408186e4bbccfd4996cb3dc -> 
  custom:container-muxer-webm: aa71ff27fc2769a1b78a27578f13a17b -> 
  custom:container-demuxer-webm: 4f35f7cbe854078d1ac9338744f61a02 -> 
  custom:video-encoder-webm-vp8: eb34c28f22e8b96e1ab97ce403110664 -> 
  custom:audio-encoder-webm-vorbis: bf7c407c2cedff20999df2af8eb42d56 -> 
  custom:framework-win-MediaFoundation: 216162199b28c13a410421893ffa2e32 -> 
  custom:container-demuxer-ogg: 62fdf1f143b41e24485cea50d1cbac27 -> 
  custom:video-decoder-webm-vp8: 9c59270c3fd7afecdb556c50c9e8de78 -> 
  custom:audio-decoder-ogg-vorbis: bf7c407c2cedff20999df2af8eb42d56 -> 
========================================================================
Received Import Request.
  Time since last request: 535343.185113 seconds.
  path: Packages/com.unity.testtools.codecoverage/Editor/Icons/CodeCoverage.png
  artifactKey: Guid(5e4d1277a09266944b3431a0a44d0862) Importer(815301076,1909f56bfc062723c751e8b465ee728b)
Start importing Packages/com.unity.testtools.codecoverage/Editor/Icons/CodeCoverage.png using Guid(5e4d1277a09266944b3431a0a44d0862) Importer(815301076,1909f56bfc062723c751e8b465ee728b)  -> (artifact id: 'b41fbad73d2134740f1019c6afbf4ae3') in 0.111313 seconds 
========================================================================
Received Import Request.
  Time since last request: 0.052938 seconds.
  path: Packages/com.unity.testtools.codecoverage/Editor/Icons/CodeCoverage@2x.png
  artifactKey: Guid(37164f8d49df70f448b593fa86e488f5) Importer(815301076,1909f56bfc062723c751e8b465ee728b)
Start importing Packages/com.unity.testtools.codecoverage/Editor/Icons/CodeCoverage@2x.png using Guid(37164f8d49df70f448b593fa86e488f5) Importer(815301076,1909f56bfc062723c751e8b465ee728b)  -> (artifact id: '1b3a2585d949cd210ba6273cd6cd0d56') in 0.020369 seconds 
========================================================================
Received Import Request.
  Time since last request: 0.093532 seconds.
  path: Assets/Ps1 Shaders/URP-PSX-FORKED-master/Media/crt1.gif
  artifactKey: Guid(bf5dfbab42034ea46bc2dc89ecff8667) Importer(815301076,1909f56bfc062723c751e8b465ee728b)
Start importing Assets/Ps1 Shaders/URP-PSX-FORKED-master/Media/crt1.gif using Guid(bf5dfbab42034ea46bc2dc89ecff8667) Importer(815301076,1909f56bfc062723c751e8b465ee728b)  -> (artifact id: '0503601c79c8fba4444c1e082a049c54') in 0.020399 seconds 
========================================================================
Received Import Request.
  Time since last request: 0.088781 seconds.
  path: Packages/com.unity.collab-proxy/Editor/PlasticSCM/Assets/Images/d_buttonssosigninemail.png
  artifactKey: Guid(3086d66a563317b40a20a20da2c64ac0) Importer(815301076,1909f56bfc062723c751e8b465ee728b)
Start importing Packages/com.unity.collab-proxy/Editor/PlasticSCM/Assets/Images/d_buttonssosigninemail.png using Guid(3086d66a563317b40a20a20da2c64ac0) Importer(815301076,1909f56bfc062723c751e8b465ee728b)  -> (artifact id: 'eb6c6820283f3d38de331c527325df7c') in 0.014338 seconds 
========================================================================
Received Import Request.
  Time since last request: 0.117938 seconds.
  path: Packages/com.unity.collab-proxy/Editor/PlasticSCM/Assets/Images/d_buttonssosigninemail@2x.png
  artifactKey: Guid(144aa74618b85974a9a50f612c2fa8fd) Importer(815301076,1909f56bfc062723c751e8b465ee728b)
Start importing Packages/com.unity.collab-proxy/Editor/PlasticSCM/Assets/Images/d_buttonssosigninemail@2x.png using Guid(144aa74618b85974a9a50f612c2fa8fd) Importer(815301076,1909f56bfc062723c751e8b465ee728b)  -> (artifact id: 'c5d67e28b365b55370b16ac9e7ab417f') in 0.014955 seconds 
========================================================================
Received Import Request.
  Time since last request: 0.134076 seconds.
  path: Packages/com.unity.testtools.codecoverage/Editor/Icons/d_CodeCoverage.png
  artifactKey: Guid(48e45b7f100ee4b48a02e05135e6cece) Importer(815301076,1909f56bfc062723c751e8b465ee728b)
Start importing Packages/com.unity.testtools.codecoverage/Editor/Icons/d_CodeCoverage.png using Guid(48e45b7f100ee4b48a02e05135e6cece) Importer(815301076,1909f56bfc062723c751e8b465ee728b)  -> (artifact id: 'ffa11151500ca1a5e21192e58ebdc351') in 0.013627 seconds 
========================================================================
Received Import Request.
  Time since last request: 1.391932 seconds.
  path: Packages/com.unity.testtools.codecoverage/Editor/Icons/d_CodeCoverage@2x.png
  artifactKey: Guid(8616c9d86a8504a4b8b5c65bb6a5644f) Importer(815301076,1909f56bfc062723c751e8b465ee728b)
Start importing Packages/com.unity.testtools.codecoverage/Editor/Icons/d_CodeCoverage@2x.png using Guid(8616c9d86a8504a4b8b5c65bb6a5644f) Importer(815301076,1909f56bfc062723c751e8b465ee728b)  -> (artifact id: '904e1c67f7319793c998291c3dbe037a') in 0.013515 seconds 
========================================================================
Received Import Request.
  Time since last request: 0.243710 seconds.
  path: Packages/com.unity.testtools.codecoverage/Editor/Icons/d_FolderOpened.png
  artifactKey: Guid(663a080499383ea4e9297061febf5ef7) Importer(815301076,1909f56bfc062723c751e8b465ee728b)
Start importing Packages/com.unity.testtools.codecoverage/Editor/Icons/d_FolderOpened.png using Guid(663a080499383ea4e9297061febf5ef7) Importer(815301076,1909f56bfc062723c751e8b465ee728b)  -> (artifact id: '15ae44bf26edade473ba093418f64fb3') in 0.021079 seconds 
========================================================================
Received Import Request.
  Time since last request: 0.122567 seconds.
  path: Packages/com.unity.testtools.codecoverage/Editor/Icons/d_FolderOpened@2x.png
  artifactKey: Guid(327ac160fa4588b4ab06124fe53fdbd1) Importer(815301076,1909f56bfc062723c751e8b465ee728b)
Start importing Packages/com.unity.testtools.codecoverage/Editor/Icons/d_FolderOpened@2x.png using Guid(327ac160fa4588b4ab06124fe53fdbd1) Importer(815301076,1909f56bfc062723c751e8b465ee728b)  -> (artifact id: '09a58466e2891fe5cb130ca4ece0cc3d') in 0.016376 seconds 
========================================================================
Received Import Request.
  Time since last request: 0.092437 seconds.
  path: Packages/com.unity.collab-proxy/Editor/PlasticSCM/Assets/Images/d_iconaddedlocal.png
  artifactKey: Guid(0c6a2a64ca9f9c946a7dbbd1674cf5bd) Importer(815301076,1909f56bfc062723c751e8b465ee728b)
Start importing Packages/com.unity.collab-proxy/Editor/PlasticSCM/Assets/Images/d_iconaddedlocal.png using Guid(0c6a2a64ca9f9c946a7dbbd1674cf5bd) Importer(815301076,1909f56bfc062723c751e8b465ee728b)  -> (artifact id: 'df2d86ed34d9c8871b33ce0cc87f688a') in 0.014496 seconds 
========================================================================
Received Import Request.
  Time since last request: 0.122229 seconds.
  path: Packages/com.unity.collab-proxy/Editor/PlasticSCM/Assets/Images/d_iconaddedlocal@2x.png
  artifactKey: Guid(02800fb9cff14da47a04572790384d8b) Importer(815301076,1909f56bfc062723c751e8b465ee728b)
Start importing Packages/com.unity.collab-proxy/Editor/PlasticSCM/Assets/Images/d_iconaddedlocal@2x.png using Guid(02800fb9cff14da47a04572790384d8b) Importer(815301076,1909f56bfc062723c751e8b465ee728b)  -> (artifact id: '677274c777f5925a96c410c2922b63ca') in 0.019487 seconds 
========================================================================
Received Import Request.
  Time since last request: 0.477823 seconds.
  path: Packages/com.unity.collab-proxy/Editor/PlasticSCM/Assets/Images/d_iconaddedoverlay.png
  artifactKey: Guid(73d124bf77e463c45942d14136745d9f) Importer(815301076,1909f56bfc062723c751e8b465ee728b)
Start importing Packages/com.unity.collab-proxy/Editor/PlasticSCM/Assets/Images/d_iconaddedoverlay.png using Guid(73d124bf77e463c45942d14136745d9f) Importer(815301076,1909f56bfc062723c751e8b465ee728b)  -> (artifact id: '0c44311fe986aa3f3f6ecd52b06c4326') in 0.023504 seconds 
========================================================================
Received Import Request.
  Time since last request: 0.014887 seconds.
  path: Packages/com.unity.collab-proxy/Editor/PlasticSCM/Assets/Images/d_iconaddedoverlay@2x.png
  artifactKey: Guid(a6fbd5a181bc51e42a61a73fe8d727c8) Importer(815301076,1909f56bfc062723c751e8b465ee728b)
Start importing Packages/com.unity.collab-proxy/Editor/PlasticSCM/Assets/Images/d_iconaddedoverlay@2x.png using Guid(a6fbd5a181bc51e42a61a73fe8d727c8) Importer(815301076,1909f56bfc062723c751e8b465ee728b)  -> (artifact id: '326448fe0509824fb4e9a62abb19bac4') in 0.013987 seconds 
========================================================================
Received Import Request.
  Time since last request: 0.011390 seconds.
  path: Packages/com.unity.collab-proxy/Editor/PlasticSCM/Assets/Images/d_iconbranch.png
  artifactKey: Guid(612c5e166a121e3449dad067fbdc37a4) Importer(815301076,1909f56bfc062723c751e8b465ee728b)
Start importing Packages/com.unity.collab-proxy/Editor/PlasticSCM/Assets/Images/d_iconbranch.png using Guid(612c5e166a121e3449dad067fbdc37a4) Importer(815301076,1909f56bfc062723c751e8b465ee728b)  -> (artifact id: '129ac8ebc9a586ae92bf4567bb7e8958') in 0.021368 seconds 
========================================================================
Received Import Request.
  Time since last request: 0.004342 seconds.
  path: Packages/com.unity.collab-proxy/Editor/PlasticSCM/Assets/Images/d_iconbranch@2x.png
  artifactKey: Guid(874d8401331ede14087e8d8d486ddda6) Importer(815301076,1909f56bfc062723c751e8b465ee728b)
Start importing Packages/com.unity.collab-proxy/Editor/PlasticSCM/Assets/Images/d_iconbranch@2x.png using Guid(874d8401331ede14087e8d8d486ddda6) Importer(815301076,1909f56bfc062723c751e8b465ee728b)  -> (artifact id: 'be36d1ad9736e76ab5a498e39948a0b2') in 0.013811 seconds 
========================================================================
Received Import Request.
  Time since last request: 0.027315 seconds.
  path: Packages/com.unity.collab-proxy/Editor/PlasticSCM/Assets/Images/d_iconcheckedoutlocaloverlay.png
  artifactKey: Guid(bb1928aff4fd4cf44af1f629dc14ef9b) Importer(815301076,1909f56bfc062723c751e8b465ee728b)
Start importing Packages/com.unity.collab-proxy/Editor/PlasticSCM/Assets/Images/d_iconcheckedoutlocaloverlay.png using Guid(bb1928aff4fd4cf44af1f629dc14ef9b) Importer(815301076,1909f56bfc062723c751e8b465ee728b)  -> (artifact id: '0253bc98fdfdfe75212b8570af0f1cd5') in 0.014864 seconds 
========================================================================
Received Import Request.
  Time since last request: 0.011289 seconds.
  path: Packages/com.unity.collab-proxy/Editor/PlasticSCM/Assets/Images/d_iconcheckedoutlocaloverlay@2x.png
  artifactKey: Guid(8d98ab6168c3e91439339f1908b8fe97) Importer(815301076,1909f56bfc062723c751e8b465ee728b)
Start importing Packages/com.unity.collab-proxy/Editor/PlasticSCM/Assets/Images/d_iconcheckedoutlocaloverlay@2x.png using Guid(8d98ab6168c3e91439339f1908b8fe97) Importer(815301076,1909f56bfc062723c751e8b465ee728b)  -> (artifact id: 'fc44ad4e3aa44fe281e7ef6a8ce226c3') in 0.014235 seconds 
========================================================================
Received Import Request.
  Time since last request: 0.012711 seconds.
  path: Packages/com.unity.collab-proxy/Editor/PlasticSCM/Assets/Images/d_iconclosebutton.png
  artifactKey: Guid(9cadde7a0d5f9024ab3f2cd5f6a740d6) Importer(815301076,1909f56bfc062723c751e8b465ee728b)
Start importing Packages/com.unity.collab-proxy/Editor/PlasticSCM/Assets/Images/d_iconclosebutton.png using Guid(9cadde7a0d5f9024ab3f2cd5f6a740d6) Importer(815301076,1909f56bfc062723c751e8b465ee728b)  -> (artifact id: '4cf7f7aefdb37ba3eb1eb41c4966625d') in 0.014372 seconds 
========================================================================
Received Import Request.
  Time since last request: 0.011487 seconds.
  path: Packages/com.unity.collab-proxy/Editor/PlasticSCM/Assets/Images/d_iconclosebutton@2x.png
  artifactKey: Guid(0525793900d728a42936791a8a6de63b) Importer(815301076,1909f56bfc062723c751e8b465ee728b)
Start importing Packages/com.unity.collab-proxy/Editor/PlasticSCM/Assets/Images/d_iconclosebutton@2x.png using Guid(0525793900d728a42936791a8a6de63b) Importer(815301076,1909f56bfc062723c751e8b465ee728b)  -> (artifact id: '50d1bc3feeffdcd64fcc0d6099c2ee1c') in 0.016069 seconds 
========================================================================
Received Import Request.
  Time since last request: 0.009874 seconds.
  path: Packages/com.unity.collab-proxy/Editor/PlasticSCM/Assets/Images/d_iconconflicted.png
  artifactKey: Guid(881798b77426a8f47b533dcc4767e9e5) Importer(815301076,1909f56bfc062723c751e8b465ee728b)
Start importing Packages/com.unity.collab-proxy/Editor/PlasticSCM/Assets/Images/d_iconconflicted.png using Guid(881798b77426a8f47b533dcc4767e9e5) Importer(815301076,1909f56bfc062723c751e8b465ee728b)  -> (artifact id: '4e22bdb67771c41b68bf18a39c8237c4') in 0.013311 seconds 
========================================================================
Received Import Request.
  Time since last request: 0.011917 seconds.
  path: Packages/com.unity.collab-proxy/Editor/PlasticSCM/Assets/Images/d_iconconflicted@2x.png
  artifactKey: Guid(65f0e363b74cf5845ab8c3fbc14f39ac) Importer(815301076,1909f56bfc062723c751e8b465ee728b)
Start importing Packages/com.unity.collab-proxy/Editor/PlasticSCM/Assets/Images/d_iconconflicted@2x.png using Guid(65f0e363b74cf5845ab8c3fbc14f39ac) Importer(815301076,1909f56bfc062723c751e8b465ee728b)  -> (artifact id: 'fbddaace571f49b40b60469a82653e25') in 0.013337 seconds 
========================================================================
Received Import Request.
  Time since last request: 0.011501 seconds.
  path: Packages/com.unity.collab-proxy/Editor/PlasticSCM/Assets/Images/d_iconconflictedoverlay.png
  artifactKey: Guid(a892bcc7ae1871447926b3c44d158763) Importer(815301076,1909f56bfc062723c751e8b465ee728b)
Start importing Packages/com.unity.collab-proxy/Editor/PlasticSCM/Assets/Images/d_iconconflictedoverlay.png using Guid(a892bcc7ae1871447926b3c44d158763) Importer(815301076,1909f56bfc062723c751e8b465ee728b)  -> (artifact id: '09a7ae219d9c2acb16acc7e5cfcc9725') in 0.012463 seconds 
========================================================================
Received Import Request.
  Time since last request: 0.011821 seconds.
  path: Packages/com.unity.collab-proxy/Editor/PlasticSCM/Assets/Images/d_iconconflictedoverlay@2x.png
  artifactKey: Guid(a3ced8f7044b9de4787602a9e9b20ea7) Importer(815301076,1909f56bfc062723c751e8b465ee728b)
Start importing Packages/com.unity.collab-proxy/Editor/PlasticSCM/Assets/Images/d_iconconflictedoverlay@2x.png using Guid(a3ced8f7044b9de4787602a9e9b20ea7) Importer(815301076,1909f56bfc062723c751e8b465ee728b)  -> (artifact id: 'ab0e915f0cdea4696e7b06799319b9f5') in 0.018732 seconds 
========================================================================
Received Import Request.
  Time since last request: 0.004595 seconds.
  path: Packages/com.unity.collab-proxy/Editor/PlasticSCM/Assets/Images/d_iconconflictresolvedoverlay.png
  artifactKey: Guid(056ee72c467a4e24d87541d42839ca72) Importer(815301076,1909f56bfc062723c751e8b465ee728b)
Start importing Packages/com.unity.collab-proxy/Editor/PlasticSCM/Assets/Images/d_iconconflictresolvedoverlay.png using Guid(056ee72c467a4e24d87541d42839ca72) Importer(815301076,1909f56bfc062723c751e8b465ee728b)  -> (artifact id: '2a606acd98a0ac34cfae15746aeb89b5') in 0.012898 seconds 
========================================================================
Received Import Request.
  Time since last request: 0.025897 seconds.
  path: Packages/com.unity.collab-proxy/Editor/PlasticSCM/Assets/Images/d_iconconflictresolvedoverlay@2x.png
  artifactKey: Guid(4a231ba0e81e63849a8f985c228e8acd) Importer(815301076,1909f56bfc062723c751e8b465ee728b)
Start importing Packages/com.unity.collab-proxy/Editor/PlasticSCM/Assets/Images/d_iconconflictresolvedoverlay@2x.png using Guid(4a231ba0e81e63849a8f985c228e8acd) Importer(815301076,1909f56bfc062723c751e8b465ee728b)  -> (artifact id: 'ea284fd4f23df735f363c3a09d674555') in 0.013010 seconds 
========================================================================
Received Import Request.
  Time since last request: 0.012026 seconds.
  path: Packages/com.unity.collab-proxy/Editor/PlasticSCM/Assets/Images/d_icondeletedlocaloverlay.png
  artifactKey: Guid(4da274d970a82a943ae3979e7833f3dd) Importer(815301076,1909f56bfc062723c751e8b465ee728b)
Start importing Packages/com.unity.collab-proxy/Editor/PlasticSCM/Assets/Images/d_icondeletedlocaloverlay.png using Guid(4da274d970a82a943ae3979e7833f3dd) Importer(815301076,1909f56bfc062723c751e8b465ee728b)  -> (artifact id: '69f3102068acd41be6cbd2709ffd24ce') in 0.013457 seconds 
========================================================================
Received Import Request.
  Time since last request: 0.011351 seconds.
  path: Packages/com.unity.collab-proxy/Editor/PlasticSCM/Assets/Images/d_icondeletedlocaloverlay@2x.png
  artifactKey: Guid(92b204cca46037444ab18ba6701f86f7) Importer(815301076,1909f56bfc062723c751e8b465ee728b)
Start importing Packages/com.unity.collab-proxy/Editor/PlasticSCM/Assets/Images/d_icondeletedlocaloverlay@2x.png using Guid(92b204cca46037444ab18ba6701f86f7) Importer(815301076,1909f56bfc062723c751e8b465ee728b)  -> (artifact id: '226d8b68645a3eda302030df916971f6') in 0.012736 seconds 
========================================================================
Received Import Request.
  Time since last request: 0.012963 seconds.
  path: Packages/com.unity.collab-proxy/Editor/PlasticSCM/Assets/Images/d_icondeletedremote.png
  artifactKey: Guid(23e66f7264c74424889342127f229577) Importer(815301076,1909f56bfc062723c751e8b465ee728b)
Start importing Packages/com.unity.collab-proxy/Editor/PlasticSCM/Assets/Images/d_icondeletedremote.png using Guid(23e66f7264c74424889342127f229577) Importer(815301076,1909f56bfc062723c751e8b465ee728b)  -> (artifact id: '682103fbeb68e5196481d14192866ef1') in 0.013203 seconds 
========================================================================
Received Import Request.
  Time since last request: 0.012127 seconds.
  path: Packages/com.unity.collab-proxy/Editor/PlasticSCM/Assets/Images/d_icondeletedremote@2x.png
  artifactKey: Guid(626b9cddb29049e4cac50cd87b419945) Importer(815301076,1909f56bfc062723c751e8b465ee728b)
Start importing Packages/com.unity.collab-proxy/Editor/PlasticSCM/Assets/Images/d_icondeletedremote@2x.png using Guid(626b9cddb29049e4cac50cd87b419945) Importer(815301076,1909f56bfc062723c751e8b465ee728b)  -> (artifact id: '601d22f22860c1a0d0e9323a1c7e9d3c') in 0.012745 seconds 
========================================================================
Received Import Request.
  Time since last request: 0.011747 seconds.
  path: Packages/com.unity.collab-proxy/Editor/PlasticSCM/Assets/Images/d_icondeletedremoteoverlay.png
  artifactKey: Guid(3de8a0634e55df8499c88204001cb0dd) Importer(815301076,1909f56bfc062723c751e8b465ee728b)
Start importing Packages/com.unity.collab-proxy/Editor/PlasticSCM/Assets/Images/d_icondeletedremoteoverlay.png using Guid(3de8a0634e55df8499c88204001cb0dd) Importer(815301076,1909f56bfc062723c751e8b465ee728b)  -> (artifact id: '53597c5d7e05b6d502fa2beba586699f') in 0.013574 seconds 
========================================================================
Received Import Request.
  Time since last request: 0.011608 seconds.
  path: Packages/com.unity.collab-proxy/Editor/PlasticSCM/Assets/Images/d_icondeletedremoteoverlay@2x.png
  artifactKey: Guid(2cfbf6619eb047545a425e8a31732c83) Importer(815301076,1909f56bfc062723c751e8b465ee728b)
Start importing Packages/com.unity.collab-proxy/Editor/PlasticSCM/Assets/Images/d_icondeletedremoteoverlay@2x.png using Guid(2cfbf6619eb047545a425e8a31732c83) Importer(815301076,1909f56bfc062723c751e8b465ee728b)  -> (artifact id: '7695fdf805e5a23362bca5215cb70ba3') in 0.013126 seconds 
========================================================================
Received Import Request.
  Time since last request: 0.011991 seconds.
  path: Packages/com.unity.collab-proxy/Editor/PlasticSCM/Assets/Images/d_iconemptygravatar.png
  artifactKey: Guid(9aebd705574f9e642aef1e5f59b3e4d8) Importer(815301076,1909f56bfc062723c751e8b465ee728b)
Start importing Packages/com.unity.collab-proxy/Editor/PlasticSCM/Assets/Images/d_iconemptygravatar.png using Guid(9aebd705574f9e642aef1e5f59b3e4d8) Importer(815301076,1909f56bfc062723c751e8b465ee728b)  -> (artifact id: '33e4dade81081427369c649cd71291b5') in 0.013702 seconds 
========================================================================
Received Import Request.
  Time since last request: 0.010143 seconds.
  path: Packages/com.unity.collab-proxy/Editor/PlasticSCM/Assets/Images/d_iconemptygravatar@2x.png
  artifactKey: Guid(0ac55f9f886d827408c102bdf33c5ff7) Importer(815301076,1909f56bfc062723c751e8b465ee728b)
Start importing Packages/com.unity.collab-proxy/Editor/PlasticSCM/Assets/Images/d_iconemptygravatar@2x.png using Guid(0ac55f9f886d827408c102bdf33c5ff7) Importer(815301076,1909f56bfc062723c751e8b465ee728b)  -> (artifact id: '74b439161969834e6080208676b3c1c4') in 0.014404 seconds 
========================================================================
Received Import Request.
  Time since last request: 0.009563 seconds.
  path: Packages/com.unity.collab-proxy/Editor/PlasticSCM/Assets/Images/d_iconlockedlocaloverlay.png
  artifactKey: Guid(71c45f80bffdb9145ad2c456254c862e) Importer(815301076,1909f56bfc062723c751e8b465ee728b)
Start importing Packages/com.unity.collab-proxy/Editor/PlasticSCM/Assets/Images/d_iconlockedlocaloverlay.png using Guid(71c45f80bffdb9145ad2c456254c862e) Importer(815301076,1909f56bfc062723c751e8b465ee728b)  -> (artifact id: 'da1b0e98bc7725261c476df56cc44b43') in 0.012682 seconds 
========================================================================
Received Import Request.
  Time since last request: 0.037378 seconds.
  path: Packages/com.unity.collab-proxy/Editor/PlasticSCM/Assets/Images/d_iconlockedlocaloverlay@2x.png
  artifactKey: Guid(ae53a7884da90e94eb5dfeab594b746c) Importer(815301076,1909f56bfc062723c751e8b465ee728b)
Start importing Packages/com.unity.collab-proxy/Editor/PlasticSCM/Assets/Images/d_iconlockedlocaloverlay@2x.png using Guid(ae53a7884da90e94eb5dfeab594b746c) Importer(815301076,1909f56bfc062723c751e8b465ee728b)  -> (artifact id: '1add944bbd50c7c1088093d5ca371862') in 0.013114 seconds 
========================================================================
Received Import Request.
  Time since last request: 0.002548 seconds.
  path: Packages/com.unity.collab-proxy/Editor/PlasticSCM/Assets/Images/d_iconlockedremoteoverlay.png
  artifactKey: Guid(1046ed65e6aaffb4391378f6d08d6c14) Importer(815301076,1909f56bfc062723c751e8b465ee728b)
Start importing Packages/com.unity.collab-proxy/Editor/PlasticSCM/Assets/Images/d_iconlockedremoteoverlay.png using Guid(1046ed65e6aaffb4391378f6d08d6c14) Importer(815301076,1909f56bfc062723c751e8b465ee728b)  -> (artifact id: '1519bdbc38dffdc54ed5cb0e3f969375') in 0.013432 seconds 
========================================================================
Received Import Request.
  Time since last request: 0.026295 seconds.
  path: Packages/com.unity.collab-proxy/Editor/PlasticSCM/Assets/Images/d_iconlockedremoteoverlay@2x.png
  artifactKey: Guid(2bb4e96f5d0b02c468932d665a015c54) Importer(815301076,1909f56bfc062723c751e8b465ee728b)
Start importing Packages/com.unity.collab-proxy/Editor/PlasticSCM/Assets/Images/d_iconlockedremoteoverlay@2x.png using Guid(2bb4e96f5d0b02c468932d665a015c54) Importer(815301076,1909f56bfc062723c751e8b465ee728b)  -> (artifact id: '7238d1cf454533e7c508bbb3429cf68d') in 0.012715 seconds 
========================================================================
Received Import Request.
  Time since last request: 0.010282 seconds.
  path: Packages/com.unity.collab-proxy/Editor/PlasticSCM/Assets/Images/d_iconoutofsync.png
  artifactKey: Guid(0e80bd0b4a8196f46acf73711b9505ec) Importer(815301076,1909f56bfc062723c751e8b465ee728b)
Start importing Packages/com.unity.collab-proxy/Editor/PlasticSCM/Assets/Images/d_iconoutofsync.png using Guid(0e80bd0b4a8196f46acf73711b9505ec) Importer(815301076,1909f56bfc062723c751e8b465ee728b)  -> (artifact id: 'ad6dd8209b83380d62a2f4cc5c8f08d5') in 0.012668 seconds 
========================================================================
Received Import Request.
  Time since last request: 0.010862 seconds.
  path: Packages/com.unity.collab-proxy/Editor/PlasticSCM/Assets/Images/d_iconoutofsync@2x.png
  artifactKey: Guid(f82dfc5fc3c5a8f4080a3550427019c8) Importer(815301076,1909f56bfc062723c751e8b465ee728b)
Start importing Packages/com.unity.collab-proxy/Editor/PlasticSCM/Assets/Images/d_iconoutofsync@2x.png using Guid(f82dfc5fc3c5a8f4080a3550427019c8) Importer(815301076,1909f56bfc062723c751e8b465ee728b)  -> (artifact id: '93c6e1ee57aa8d9669554e23f46d81fa') in 0.013108 seconds 
========================================================================
Received Import Request.
  Time since last request: 0.010606 seconds.
  path: Packages/com.unity.collab-proxy/Editor/PlasticSCM/Assets/Images/d_iconoutofsyncoverlay.png
  artifactKey: Guid(dc633de6e6e7415448c7568418239a9d) Importer(815301076,1909f56bfc062723c751e8b465ee728b)
Start importing Packages/com.unity.collab-proxy/Editor/PlasticSCM/Assets/Images/d_iconoutofsyncoverlay.png using Guid(dc633de6e6e7415448c7568418239a9d) Importer(815301076,1909f56bfc062723c751e8b465ee728b)  -> (artifact id: 'bc4bb57e3a907dd5a10c129601650c15') in 0.014166 seconds 
========================================================================
Received Import Request.
  Time since last request: 0.010682 seconds.
  path: Packages/com.unity.collab-proxy/Editor/PlasticSCM/Assets/Images/d_iconoutofsyncoverlay@2x.png
  artifactKey: Guid(4d7e6e570e9d65a4c9a994783a0652e2) Importer(815301076,1909f56bfc062723c751e8b465ee728b)
Start importing Packages/com.unity.collab-proxy/Editor/PlasticSCM/Assets/Images/d_iconoutofsyncoverlay@2x.png using Guid(4d7e6e570e9d65a4c9a994783a0652e2) Importer(815301076,1909f56bfc062723c751e8b465ee728b)  -> (artifact id: 'bdbcda5d11c78191ec13fa3136529c92') in 0.012968 seconds 
========================================================================
Received Import Request.
  Time since last request: 0.011383 seconds.
  path: Packages/com.unity.collab-proxy/Editor/PlasticSCM/Assets/Images/d_iconplasticnotifyconflict.png
  artifactKey: Guid(51582ae5ea51fa14996791a550f89473) Importer(815301076,1909f56bfc062723c751e8b465ee728b)
Start importing Packages/com.unity.collab-proxy/Editor/PlasticSCM/Assets/Images/d_iconplasticnotifyconflict.png using Guid(51582ae5ea51fa14996791a550f89473) Importer(815301076,1909f56bfc062723c751e8b465ee728b)  -> (artifact id: 'ab8a5f32995c6249afdf0bf8b903c8a0') in 0.013520 seconds 
========================================================================
Received Import Request.
  Time since last request: 76.573024 seconds.
  path: ProjectSettings/TagManager.asset
  artifactKey: Guid(00000000000000003000000000000000) Importer(815301076,1909f56bfc062723c751e8b465ee728b)
Start importing ProjectSettings/TagManager.asset using Guid(00000000000000003000000000000000) Importer(815301076,1909f56bfc062723c751e8b465ee728b)  -> (artifact id: 'a1c44d55c7cf1fbbd690c39910652a77') in 0.014357 seconds 
========================================================================
Received Prepare
Registering precompiled user dll's ...
Registered in 0.015727 seconds.
Begin MonoManager ReloadAssembly
Symbol file LoadedFromMemory doesn't match image D:\UNIACC\5TO SEMESTRE\TALLER VJ\NeonWhite\RollAGun\sas\sas\Library\PackageCache\com.unity.visualscripting@1.8.0\Editor\VisualScripting.Core\Dependencies\YamlDotNet\Unity.VisualScripting.YamlDotNet.dll
Symbol file LoadedFromMemory doesn't match image D:\UNIACC\5TO SEMESTRE\TALLER VJ\NeonWhite\RollAGun\sas\sas\Library\PackageCache\com.unity.visualscripting@1.8.0\Editor\VisualScripting.Core\Dependencies\DotNetZip\Unity.VisualScripting.IonicZip.dll
Native extension for WindowsStandalone target not found
Refreshing native plugins compatible for Editor in 0.76 ms, found 3 plugins.
Preloading 0 native plugins for Editor in 0.00 ms.
Mono: successfully reloaded assembly
- Completed reload, in  1.267 seconds
Domain Reload Profiling:
	ReloadAssembly (1267ms)
		BeginReloadAssembly (187ms)
			ExecutionOrderSort (0ms)
			DisableScriptedObjects (5ms)
			BackupInstance (0ms)
			ReleaseScriptingObjects (0ms)
			CreateAndSetChildDomain (36ms)
		EndReloadAssembly (951ms)
			LoadAssemblies (152ms)
			RebuildTransferFunctionScriptingTraits (0ms)
			SetupTypeCache (314ms)
			ReleaseScriptCaches (2ms)
			RebuildScriptCaches (45ms)
			SetupLoadedEditorAssemblies (400ms)
				LogAssemblyErrors (0ms)
				InitializePlatformSupportModulesInManaged (8ms)
				SetLoadedEditorAssemblies (0ms)
				RefreshPlugins (1ms)
				BeforeProcessingInitializeOnLoad (108ms)
				ProcessInitializeOnLoadAttributes (191ms)
				ProcessInitializeOnLoadMethodAttributes (73ms)
				AfterProcessingInitializeOnLoad (19ms)
				EditorAssembliesLoaded (0ms)
			ExecutionOrderSort2 (0ms)
			AwakeInstancesAfterBackupRestoration (22ms)
Platform modules already initialized, skipping
Refreshing native plugins compatible for Editor in 2.98 ms, found 3 plugins.
Preloading 0 native plugins for Editor in 0.00 ms.
Unloading 4745 Unused Serialized files (Serialized files now loaded: 0)
Unloading 26 unused Assets / (0.7 MB). Loaded Objects now: 5331.
Memory consumption went from 185.3 MB to 184.7 MB.
Total: 3.608200 ms (FindLiveObjects: 0.392600 ms CreateObjectMapping: 0.318700 ms MarkObjects: 2.579500 ms  DeleteObjects: 0.316000 ms)

AssetImportParameters requested are different than current active one (requested -> active):
  custom:video-decoder-ogg-theora: a1e56fd34408186e4bbccfd4996cb3dc -> 
  custom:container-muxer-webm: aa71ff27fc2769a1b78a27578f13a17b -> 
  custom:container-demuxer-webm: 4f35f7cbe854078d1ac9338744f61a02 -> 
  custom:video-encoder-webm-vp8: eb34c28f22e8b96e1ab97ce403110664 -> 
  custom:audio-encoder-webm-vorbis: bf7c407c2cedff20999df2af8eb42d56 -> 
  custom:framework-win-MediaFoundation: 216162199b28c13a410421893ffa2e32 -> 
  custom:container-demuxer-ogg: 62fdf1f143b41e24485cea50d1cbac27 -> 
  custom:video-decoder-webm-vp8: 9c59270c3fd7afecdb556c50c9e8de78 -> 
  custom:audio-decoder-ogg-vorbis: bf7c407c2cedff20999df2af8eb42d56 -> 
========================================================================
Received Import Request.
  Time since last request: 880.866180 seconds.
  path: Assets/Props/Coin
  artifactKey: Guid(ea28a2429b1aff74eb1543bc3f2c6165) Importer(815301076,1909f56bfc062723c751e8b465ee728b)
Start importing Assets/Props/Coin using Guid(ea28a2429b1aff74eb1543bc3f2c6165) Importer(815301076,1909f56bfc062723c751e8b465ee728b)  -> (artifact id: '8c3e648421b6979f0cc5ba11d98c730d') in 0.015915 seconds 
========================================================================
Received Import Request.
  Time since last request: 13.237232 seconds.
  path: Assets/Props/Coin/mONEDA_Gold_BaseColor.png
  artifactKey: Guid(015a8844f12d3b048bb6288dc9b62161) Importer(815301076,1909f56bfc062723c751e8b465ee728b)
Start importing Assets/Props/Coin/mONEDA_Gold_BaseColor.png using Guid(015a8844f12d3b048bb6288dc9b62161) Importer(815301076,1909f56bfc062723c751e8b465ee728b)  -> (artifact id: 'bfb66ae5d0df081688a74e5522d2f31e') in 0.040669 seconds 
========================================================================
Received Import Request.
  Time since last request: 2.524121 seconds.
  path: Assets/Props/Coin/mONEDA_Letter_BaseColor.png
  artifactKey: Guid(8b43907dfba72cc448c0f58ae8fec164) Importer(815301076,1909f56bfc062723c751e8b465ee728b)
Start importing Assets/Props/Coin/mONEDA_Letter_BaseColor.png using Guid(8b43907dfba72cc448c0f58ae8fec164) Importer(815301076,1909f56bfc062723c751e8b465ee728b)  -> (artifact id: 'eee643244a20642a9b0bf7dbf7a0bef5') in 0.014465 seconds 
========================================================================
Received Import Request.
  Time since last request: 727.226835 seconds.
  path: Assets/Props/Coin/CoinPowers.fbx
  artifactKey: Guid(899ecbbe41170ba449bb963a3075a5ca) Importer(815301076,1909f56bfc062723c751e8b465ee728b)
Start importing Assets/Props/Coin/CoinPowers.fbx using Guid(899ecbbe41170ba449bb963a3075a5ca) Importer(815301076,1909f56bfc062723c751e8b465ee728b)  -> (artifact id: 'e21929ab1688aca82c0921b4c85b5962') in 0.257171 seconds 
========================================================================
Received Import Request.
  Time since last request: 6.110500 seconds.
  path: Assets/Props/Coin/CoinPowers.fbx
  artifactKey: Guid(899ecbbe41170ba449bb963a3075a5ca) Importer(815301076,1909f56bfc062723c751e8b465ee728b)
Start importing Assets/Props/Coin/CoinPowers.fbx using Guid(899ecbbe41170ba449bb963a3075a5ca) Importer(815301076,1909f56bfc062723c751e8b465ee728b)  -> (artifact id: '8f76ca4c331a8415727afa9738cfb068') in 0.038163 seconds 
========================================================================
Received Import Request.
  Time since last request: 75.793325 seconds.
  path: Assets/Props/Coin/CoinPowers.fbx
  artifactKey: Guid(899ecbbe41170ba449bb963a3075a5ca) Importer(815301076,1909f56bfc062723c751e8b465ee728b)
Start importing Assets/Props/Coin/CoinPowers.fbx using Guid(899ecbbe41170ba449bb963a3075a5ca) Importer(815301076,1909f56bfc062723c751e8b465ee728b)  -> (artifact id: 'd54364545acd9a13fd6f92dbaedac08c') in 0.036901 seconds 
========================================================================
Received Import Request.
  Time since last request: 4.022781 seconds.
  path: Assets/Props/Coin/CoinPowers.fbx
  artifactKey: Guid(899ecbbe41170ba449bb963a3075a5ca) Importer(815301076,1909f56bfc062723c751e8b465ee728b)
Start importing Assets/Props/Coin/CoinPowers.fbx using Guid(899ecbbe41170ba449bb963a3075a5ca) Importer(815301076,1909f56bfc062723c751e8b465ee728b)  -> (artifact id: 'a0ac258db2ea3666ed999565a29d9553') in 0.035985 seconds 
========================================================================
Received Import Request.
  Time since last request: 252.656465 seconds.
  path: Assets/Props/Coin/CoinPowers_Coin_BaseColor.png
  artifactKey: Guid(415aa16fb482f89499ad63f29c672b06) Importer(815301076,1909f56bfc062723c751e8b465ee728b)
Start importing Assets/Props/Coin/CoinPowers_Coin_BaseColor.png using Guid(415aa16fb482f89499ad63f29c672b06) Importer(815301076,1909f56bfc062723c751e8b465ee728b)  -> (artifact id: 'e0f2463318d96b954cb7cf6497b29604') in 0.016433 seconds 
========================================================================
Received Import Request.
  Time since last request: 1.551748 seconds.
  path: Assets/Props/Coin/CoinPowers_Letter_BaseColor.png
  artifactKey: Guid(ffb1298f26af4cc4c8dfafbb0ae0fa6b) Importer(815301076,1909f56bfc062723c751e8b465ee728b)
Start importing Assets/Props/Coin/CoinPowers_Letter_BaseColor.png using Guid(ffb1298f26af4cc4c8dfafbb0ae0fa6b) Importer(815301076,1909f56bfc062723c751e8b465ee728b)  -> (artifact id: '4cc3781e233243b3a449e9c8f3030b6a') in 0.014129 seconds 
========================================================================
Received Import Request.
  Time since last request: 6.343525 seconds.
  path: Assets/Props/Coin/mONEDA_Gold_BaseColor.png
  artifactKey: Guid(015a8844f12d3b048bb6288dc9b62161) Importer(815301076,1909f56bfc062723c751e8b465ee728b)
Start importing Assets/Props/Coin/mONEDA_Gold_BaseColor.png using Guid(015a8844f12d3b048bb6288dc9b62161) Importer(815301076,1909f56bfc062723c751e8b465ee728b)  -> (artifact id: 'deca191964e52072f50ffed4e2d1819e') in 0.123948 seconds 
========================================================================
Received Import Request.
  Time since last request: 0.000039 seconds.
  path: Assets/Props/Coin/mONEDA_Letter_BaseColor.png
  artifactKey: Guid(8b43907dfba72cc448c0f58ae8fec164) Importer(815301076,1909f56bfc062723c751e8b465ee728b)
Start importing Assets/Props/Coin/mONEDA_Letter_BaseColor.png using Guid(8b43907dfba72cc448c0f58ae8fec164) Importer(815301076,1909f56bfc062723c751e8b465ee728b)  -> (artifact id: 'b59a41e0049db3124801cd3725c81f78') in 0.077016 seconds 
========================================================================
Received Import Request.
  Time since last request: 30.312879 seconds.
  path: Assets/Props/Coin/CoinPowers.fbx
  artifactKey: Guid(899ecbbe41170ba449bb963a3075a5ca) Importer(815301076,1909f56bfc062723c751e8b465ee728b)
Start importing Assets/Props/Coin/CoinPowers.fbx using Guid(899ecbbe41170ba449bb963a3075a5ca) Importer(815301076,1909f56bfc062723c751e8b465ee728b)  -> (artifact id: '62b4adb0b0b9c357e4ebd9b19c1c20ed') in 0.021384 seconds 
========================================================================
Received Import Request.
  Time since last request: 0.195143 seconds.
  path: Assets/Props/Coin/CoinPowers.fbx
  artifactKey: Guid(899ecbbe41170ba449bb963a3075a5ca) Importer(815301076,1909f56bfc062723c751e8b465ee728b)
Start importing Assets/Props/Coin/CoinPowers.fbx using Guid(899ecbbe41170ba449bb963a3075a5ca) Importer(815301076,1909f56bfc062723c751e8b465ee728b)  -> (artifact id: 'c3ec8149d5a3119a182c7d18c87df975') in 0.034132 seconds 
========================================================================
Received Import Request.
  Time since last request: 0.000026 seconds.
  path: Assets/Props/Coin/mONEDA.fbx
  artifactKey: Guid(daed86986ec279c479c4bfa80fcbc7c2) Importer(815301076,1909f56bfc062723c751e8b465ee728b)
Start importing Assets/Props/Coin/mONEDA.fbx using Guid(daed86986ec279c479c4bfa80fcbc7c2) Importer(815301076,1909f56bfc062723c751e8b465ee728b)  -> (artifact id: '634eebbdb105259be0d58c96ca84711a') in 0.025690 seconds 
========================================================================
Received Import Request.
  Time since last request: 0.000021 seconds.
  path: Assets/Props/Coin/Letter.mat
  artifactKey: Guid(22c8ae1a42671da42b5e6ae69c6f121c) Importer(815301076,1909f56bfc062723c751e8b465ee728b)
Start importing Assets/Props/Coin/Letter.mat using Guid(22c8ae1a42671da42b5e6ae69c6f121c) Importer(815301076,1909f56bfc062723c751e8b465ee728b)  -> (artifact id: '59a0fed239b4ed84a35b624a1818d6d0') in 0.021493 seconds 
